Curl call for http://cryptome.org/dirty-work/spot-spook.htm in progress...
Curl call for https://www.citylab.com/transportation/2018/04/why-new-york-city-stopped-building-subways/557567 in progress...
Curl call for https://en.wikipedia.org/wiki/Braess%27_paradox in progress...
Curl call for http://willcrichton.net/notes/systems-programming in progress...
Curl call for https://arslan.io/2019/07/03/how-to-write-idempotent-bash-scripts in progress...
Curl call for http://zackkanter.com/2016/01/13/you-are-not-behind in progress...
Curl call for https://en.wikipedia.org/wiki/Braess%27_paradox complete!
Curl call for http://www.nytimes.com/2015/09/26/your-money/how-macarthur-geniuses-handle-their-money-windfalls.html in progress...
Curl call for https://arslan.io/2019/07/03/how-to-write-idempotent-bash-scripts complete!
Curl call for http://www.cs.usfca.edu/~galles/visualization/Algorithms.html in progress...
Curl call for http://willcrichton.net/notes/systems-programming complete!
Curl call for https://inconvergent.net/generative in progress...
Curl call for http://cryptome.org/dirty-work/spot-spook.htm complete!
Curl call for https://www.expeditedssl.com/aws-in-plain-english in progress...
Curl call for https://www.citylab.com/transportation/2018/04/why-new-york-city-stopped-building-subways/557567 complete!
Curl call for http://sigmajs.org/ in progress...
Curl call for http://www.nytimes.com/2015/09/26/your-money/how-macarthur-geniuses-handle-their-money-windfalls.html complete!
Curl call for http://lesswrong.com/lw/2b0/bayes_theorem_illustrated_my_way in progress...
Curl call for http://www.cs.usfca.edu/~galles/visualization/Algorithms.html complete!
Curl call for http://aging.nautil.us/feature/218/why-you-cant-help-but-act-your-age in progress...
Curl call for http://aws.amazon.com/importexport in progress...
Curl call for http://sigmajs.org/ complete!
Curl call for http://zackkanter.com/2016/01/13/you-are-not-behind complete!
Curl call for https://inconvergent.net/generative complete!
Curl call for http://www.doneyles.com/LM/Tales.html in progress...
Curl call for https://www.expeditedssl.com/aws-in-plain-english complete!
Curl call for http://fabiensanglard.net/anotherWorld_code_review/index.php in progress...
Curl call for http://aging.nautil.us/feature/218/why-you-cant-help-but-act-your-age complete!
Curl call for https://samy.pl/pwnat in progress...
Curl call for https://current.org/2015/06/a-top-audio-engineer-explains-nprs-signature-sound in progress...
Curl call for http://aws.amazon.com/importexport complete!
Curl call for http://joeduffyblog.com/2016/02/07/the-error-model in progress...
Curl call for http://apenwarr.ca/log?m=200912 in progress...
Curl call for http://magicscalingsprinkles.wordpress.com/2010/02/08/why-i-love-everything-you-hate-about-java in progress...
Curl call for https://samy.pl/pwnat complete!
Curl call for https://current.org/2015/06/a-top-audio-engineer-explains-nprs-signature-sound complete!
Curl call for https://castel.dev/post/lecture-notes-1 in progress...
Curl call for http://9-eyes.com/ in progress...
Curl call for http://fabiensanglard.net/anotherWorld_code_review/index.php complete!
Curl call for http://wearecolorblind.com/ in progress...
Curl call for http://www.doneyles.com/LM/Tales.html complete!
Curl call for http://joeduffyblog.com/2016/02/07/the-error-model complete!
Curl call for http://magicscalingsprinkles.wordpress.com/2010/02/08/why-i-love-everything-you-hate-about-java complete!
Curl call for http://xn--hgi.ws/ in progress...
Curl call for http://www.ranum.com/security/computer_security/editorials/dumb in progress...
Curl call for http://www.contextfreeart.org/ in progress...
Curl call for http://apenwarr.ca/log?m=200912 complete!
Curl call for https://castel.dev/post/lecture-notes-1 complete!
Curl call for http://lesswrong.com/lw/2b0/bayes_theorem_illustrated_my_way complete!
Curl call for http://www.startupwhisperer.com/2009/02/do-not-demo-naked.html in progress...
Curl call for http://www.newyorker.com/magazine/2013/06/24/last-call-3 in progress...
Curl call for http://wearecolorblind.com/ complete!
Curl call for http://www.ranum.com/security/computer_security/editorials/dumb complete!
Curl call for http://www.businessinsider.com/max-levchins-favorite-startups-are-all-japanese-2009-2 in progress...
Curl call for http://9-eyes.com/ complete!
Curl call for http://joshduck.com/periodic-table.html in progress...
Curl call for http://www.codinghorror.com/blog/2006/05/the-ten-commandments-of-egoless-programming.html in progress...
Curl call for http://blogs.sun.com/jrose/entry/bloom_filters_in_a_nutshell in progress...
Curl call for http://joshduck.com/periodic-table.html complete!
Curl call for http://www.newyorker.com/magazine/2013/06/24/last-call-3 complete!
Curl call for http://www.redblobgames.com/pathfinding/tower-defense in progress...
Curl call for http://www.businessinsider.com/max-levchins-favorite-startups-are-all-japanese-2009-2 complete!
Curl call for http://www.contextfreeart.org/ complete!
Curl call for http://www.gamasutra.com/view/feature/4111/dirty_coding_tricks.php?print=1 in progress...
Curl call for http://xn--hgi.ws/ complete!
Curl call for http://www.joelonsoftware.com/articles/Unicode.html in progress...
Curl call for http://harvesthq.github.com/chosen in progress...
Curl call for http://paultyma.blogspot.com/2007/03/howto-pass-silicon-valley-software.html in progress...
Curl call for http://harvesthq.github.com/chosen complete!
Curl call for http://blogs.sun.com/jrose/entry/bloom_filters_in_a_nutshell complete!
Curl call for http://www.startupwhisperer.com/2009/02/do-not-demo-naked.html complete!
Curl call for http://www.joelonsoftware.com/articles/Unicode.html complete!
Curl call for http://www.codinghorror.com/blog/2006/05/the-ten-commandments-of-egoless-programming.html complete!
Curl call for http://ejohn.org/blog/how-javascript-timers-work in progress...
Curl call for https://betterexplained.com/articles/an-interactive-guide-to-the-fourier-transform in progress...
Curl call for http://www.redblobgames.com/pathfinding/tower-defense complete!
Curl call for http://therealityprose.wordpress.com/2013/01/17/what_happened_with_lego in progress...
Curl call for http://www.gamasutra.com/view/feature/4111/dirty_coding_tricks.php?print=1 complete!
Curl call for http://www.petekeen.net/dns-the-good-parts in progress...
Curl call for http://www.theparisreview.org/interviews/3605/the-art-of-fiction-no-64-kurt-vonnegut in progress...
Curl call for http://mercurial.selenic.com/wiki/WhatsNew in progress...
Curl call for http://oreilly.com/social-media/excerpts/9780596802004/why-speakers-earn-30k-an-hour.html in progress...
Curl call for http://ejohn.org/blog/how-javascript-timers-work complete!
Curl call for http://practicaltypography.com/why-racket-why-lisp.html in progress...
Curl call for http://therealityprose.wordpress.com/2013/01/17/what_happened_with_lego complete!
Curl call for http://paultyma.blogspot.com/2007/03/howto-pass-silicon-valley-software.html complete!
Curl call for http://www.wired.com/ in progress...
Curl call for http://www.petekeen.net/dns-the-good-parts complete!
Curl call for http://www.theparisreview.org/interviews/3605/the-art-of-fiction-no-64-kurt-vonnegut complete!
Curl call for https://journal.stuffwithstuff.com/2015/02/01/what-color-is-your-function in progress...
Curl call for https://betterexplained.com/articles/an-interactive-guide-to-the-fourier-transform complete!
Error on curl for http://mercurial.selenic.com/wiki/WhatsNew {
  err: Error: Command failed: curl -L -s -o /dev/null -w '%{url_effective}' http://mercurial.selenic.com/wiki/WhatsNew     -H 'Accept: text/html,application/xhtml+xml,application/xml;q=0.9,image/avif,image/webp,image/apng,*/*;q=0.8,application/signed-exchange;v=b3;q=0.9'     -H 'Accept-Language: en,en-US;q=0.9,zh-TW;q=0.8,zh-CN;q=0.7,zh;q=0.6,ja;q=0.5'     -H 'Cache-Control: no-cache'     -H 'Connection: keep-alive'     -H 'DNT: 1'     -H 'Pragma: no-cache'     -H 'Sec-Fetch-Dest: document'     -H 'Sec-Fetch-Mode: navigate'     -H 'Sec-Fetch-Site: none'     -H 'Sec-Fetch-User: ?1'     -H 'Upgrade-Insecure-Requests: 1'     -H 'User-Agent: Mozilla/5.0 (Macintosh; Intel Mac OS X 10_15_7) AppleWebKit/537.36 (KHTML, like Gecko) Chrome/104.0.0.0 Safari/537.36'     -H 'sec-ch-ua: "Chromium";v="104", " Not A;Brand";v="99", "Google Chrome";v="104"'     -H 'sec-ch-ua-mobile: ?0'     -H 'sec-ch-ua-platform: "macOS"'     --compressed ;
    
  
      at ChildProcess.exithandler (node:child_process:400:12)
      at ChildProcess.emit (node:events:513:28)
      at maybeClose (node:internal/child_process:1093:16)
      at Socket.<anonymous> (node:internal/child_process:451:11)
      at Socket.emit (node:events:513:28)
      at Pipe.<anonymous> (node:net:757:14) {
    code: 60,
    killed: false,
    signal: null,
    cmd: `curl -L -s -o /dev/null -w '%{url_effective}' http://mercurial.selenic.com/wiki/WhatsNew     -H 'Accept: text/html,application/xhtml+xml,application/xml;q=0.9,image/avif,image/webp,image/apng,*/*;q=0.8,application/signed-exchange;v=b3;q=0.9'     -H 'Accept-Language: en,en-US;q=0.9,zh-TW;q=0.8,zh-CN;q=0.7,zh;q=0.6,ja;q=0.5'     -H 'Cache-Control: no-cache'     -H 'Connection: keep-alive'     -H 'DNT: 1'     -H 'Pragma: no-cache'     -H 'Sec-Fetch-Dest: document'     -H 'Sec-Fetch-Mode: navigate'     -H 'Sec-Fetch-Site: none'     -H 'Sec-Fetch-User: ?1'     -H 'Upgrade-Insecure-Requests: 1'     -H 'User-Agent: Mozilla/5.0 (Macintosh; Intel Mac OS X 10_15_7) AppleWebKit/537.36 (KHTML, like Gecko) Chrome/104.0.0.0 Safari/537.36'     -H 'sec-ch-ua: "Chromium";v="104", " Not A;Brand";v="99", "Google Chrome";v="104"'     -H 'sec-ch-ua-mobile: ?0'     -H 'sec-ch-ua-platform: "macOS"'     --compressed ;\n` +
      '  '
  },
  stderr: ''
}
Curl call for http://mercurial.selenic.com/wiki/WhatsNew complete!
cleanup running
Wrote errors
Wrote noTitleFound
Wrote top links with counts
